<?xml version="1.0" encoding="UTF-8" standalone="yes"?>
<testsuite name="Test report for Knowledge Base “LibCubeBasicExample”" tests="2" failures="0" errors="0" time="0" disabled="0" skipped="0" timestamp="2018-11-01T15:53:59.559Z" id="0">
    <testcase name="inputTest.xml" assertions="0" time="0"/>
    <testcase name="runUnitTests.xml" assertions="0" time="0"/>
</testsuite>
